<?xml version="1.0" encoding="UTF-8"?>
<!-- Generated by org.testng.reporters.JUnitXMLReporter -->
<testsuite ignored="0" hostname="L-IRE-3VRNML3" failures="1" tests="2" name="Search test" time="174.592" errors="0" timestamp="2022-11-28T11:26:51 GMT">
  <testcase classname="org.aspire.testCases.SearchProductTest" name="searchProduct" time="39.349"/>
  <testcase classname="org.aspire.testCases.SearchProductTest" name="sortProductByPrice" time="123.713">
    <failure type="java.lang.AssertionError" message="Products are not sorted expected [true] but found [false]">
      <![CDATA[java.lang.AssertionError: Products are not sorted expected [true] but found [false]
at org.aspire.testCases.SearchProductTest.sortProductByPrice(SearchProductTest.java:47)
at java.base/java.util.ArrayList.forEach(ArrayList.java:1540)
... Removed 34 stack frames]]>
    </failure>
  </testcase> <!-- sortProductByPrice -->
</testsuite> <!-- Search test -->
