<?xml version="1.0" encoding="UTF-8"?>
<!-- Generated by org.testng.reporters.JUnitXMLReporter -->
<testsuite ignored="0" hostname="L-IRE-3VRNML3" failures="1" tests="1" name="Search test" time="265.821" errors="0" timestamp="2022-11-27T16:16:46 GMT">
  <testcase classname="org.aspire.testCases.SearchProductTest" name="sortProducts" time="260.575">
    <failure type="java.lang.AssertionError" message="Products are not sorted expected [true] but found [false]">
      <![CDATA[java.lang.AssertionError: Products are not sorted expected [true] but found [false]
at org.aspire.testCases.SearchProductTest.sortProducts(SearchProductTest.java:47)
at java.base/java.util.ArrayList.forEach(ArrayList.java:1540)
... Removed 34 stack frames]]>
    </failure>
  </testcase> <!-- sortProducts -->
</testsuite> <!-- Search test -->
