-------------------------------------------------------------------------------
Test set: TestSuite
-------------------------------------------------------------------------------
Tests run: 3, Failures: 1, Errors: 0, Skipped: 0, Time elapsed: 238.175 s <<< FAILURE! - in TestSuite
org.aspire.testCases.SearchProductTest.sortProductByPrice  Time elapsed: 123.72 s  <<< FAILURE!
java.lang.AssertionError: Products are not sorted expected [true] but found [false]
	at org.aspire.testCases.SearchProductTest.sortProductByPrice(SearchProductTest.java:47)

